<?xml version="1.0" encoding="UTF-8"?>
<testsuite xmlns:xsi="http://www.w3.org/2001/XMLSchema-instance" xsi:noNamespaceSchemaLocation="https://maven.apache.org/surefire/maven-surefire-plugin/xsd/surefire-test-report-3.0.xsd" version="3.0" name="Service.UserServiceTest" time="0.206" tests="3" errors="0" skipped="0" failures="0">
  <properties>
[...]
</properties>
  <testcase name="testLoginUserSuccess" classname="Service.UserServiceTest" time="0.114"/>
  <testcase name="testLoginUserFailure" classname="Service.UserServiceTest" time="0.06"/>
  <testcase name="testGetUserRoleById" classname="Service.UserServiceTest" time="0.024"/>
</testsuite>